<?xml version="1.0" encoding="UTF-8"?>
<!-- Generated by org.testng.reporters.JUnitXMLReporter -->
<testsuite ignored="0" hostname="ShashankReddy" failures="1" tests="6" name="LoginDataDrivenTest" time="57.185" errors="0" timestamp="2023-09-18T11:49:24 IST">
  <testcase classname="testCases.LoginDataDrivenTest" name="loginDataDrivenTest" time="4.314">
    <failure type="java.lang.AssertionError" message="expected [true] but found [false]">
      <![CDATA[java.lang.AssertionError: expected [true] but found [false]
at testCases.LoginDataDrivenTest.loginDataDrivenTest(LoginDataDrivenTest.java:33)
at java.base/java.util.ArrayList.forEach(ArrayList.java:1511)
... Removed 31 stack frames]]>
    </failure>
  </testcase> <!-- loginDataDrivenTest -->
  <testcase classname="testCases.LoginDataDrivenTest" name="loginDataDrivenTest" time="4.041"/>
  <testcase classname="testCases.LoginDataDrivenTest" name="loginDataDrivenTest" time="4.755"/>
  <testcase classname="testCases.LoginDataDrivenTest" name="loginDataDrivenTest" time="5.075"/>
  <testcase classname="testCases.LoginDataDrivenTest" name="loginDataDrivenTest" time="4.72"/>
  <testcase classname="testCases.LoginDataDrivenTest" name="loginDataDrivenTest" time="15.308"/>
</testsuite> <!-- LoginDataDrivenTest -->
